<?xml version="1.0" encoding="UTF-8"?>
<!-- Generated by org.testng.reporters.JUnitXMLReporter -->
<testsuite ignored="2" hostname="DESKTOP-JET7EDG" failures="0" tests="1" name="Default test(failed)" time="8.901" errors="0" timestamp="2024-04-08T20:50:32 IST">
  <testcase classname="testCases.LoginPageTest" name="loginToApplicationTest" time="1.05"/>
  <testcase classname="testCases.LoginPageTest" name="verifyURLOfApplicationTest" time="0.0">
    <ignored/>
  </testcase> <!-- verifyURLOfApplicationTest -->
  <testcase classname="testCases.LoginPageTest" name="verifyTitleOfApplicationTest" time="0.0">
    <ignored/>
  </testcase> <!-- verifyTitleOfApplicationTest -->
</testsuite> <!-- Default test(failed) -->
