<?xml version="1.0" encoding="UTF-8"?>
<!-- Generated by org.testng.reporters.JUnitXMLReporter -->
<testsuite ignored="0" hostname="DESKTOP-JET7EDG" failures="0" tests="7" name="Login_InventTest" time="87.12" errors="0" timestamp="2024-04-15T20:41:56 IST">
  <testcase classname="testCases.LoginPageTest" name="loginToApplicationTest" time="5.385"/>
  <testcase classname="testCases.LoginPageTest" name="verifyTitleOfApplicationTest" time="0.261"/>
  <testcase classname="testCases.LoginPageTest" name="verifyURLOfApplicationTest" time="0.256"/>
  <testcase classname="testCases.Inventory_Page_Test" name="add6ProductsTest" time="1.848"/>
  <testcase classname="testCases.Inventory_Page_Test" name="remove2ProductsTest" time="2.088"/>
  <testcase classname="testCases.Inventory_Page_Test" name="verifyPageTitle" time="0.132"/>
  <testcase classname="testCases.Inventory_Page_Test" name="verifyTwitterLogo" time="0.152"/>
</testsuite> <!-- Login_InventTest -->
