<?xml version="1.0" encoding="UTF-8"?>
<!-- Generated by org.testng.reporters.JUnitXMLReporter -->
<testsuite ignored="4" hostname="DESKTOP-JET7EDG" failures="0" tests="5" name="GroupTest" time="48.184" errors="0" timestamp="2024-04-17T20:59:32 IST">
  <testcase classname="testCases.LoginPageTest" name="loginToApplicationTest" time="4.076"/>
  <testcase classname="testCases.LoginPageTest" name="verifyURLOfApplicationTest" time="0.044"/>
  <testcase classname="testCases.Inventory_Page_Test" name="add6ProductsTest" time="1.814"/>
  <testcase classname="testCases.Inventory_Page_Test" name="remove2ProductsTest" time="2.141"/>
  <testcase classname="testCases.Inventory_Page_Test" name="verifyTwitterLogo" time="0.129"/>
  <testcase classname="testCases.LoginPageTest" name="verifyTitleOfApplicationTest" time="0.0">
    <ignored/>
  </testcase> <!-- verifyTitleOfApplicationTest -->
  <testcase classname="testCases.CheckOutPage1Test" name="inputInfoTest" time="0.0">
    <ignored/>
  </testcase> <!-- inputInfoTest -->
  <testcase classname="testCases.CartPageTest" name="verifyCartPageURLTest" time="0.0">
    <ignored/>
  </testcase> <!-- verifyCartPageURLTest -->
  <testcase classname="testCases.Inventory_Page_Test" name="verifyPageTitle" time="0.0">
    <ignored/>
  </testcase> <!-- verifyPageTitle -->
</testsuite> <!-- GroupTest -->
