<?xml version="1.0" encoding="UTF-8"?>
<testng-results ignored="2" total="3" passed="1" failed="0" skipped="0">
  <reporter-output>
  </reporter-output>
  <suite started-at="2024-04-18T20:59:01 IST" name="Default suite" finished-at="2024-04-18T20:59:11 IST" duration-ms="10043">
    <groups>
    </groups>
    <test started-at="2024-04-18T20:59:01 IST" name="Default test" finished-at="2024-04-18T20:59:11 IST" duration-ms="10043">
      <class name="testCases.LoginPageTest">
        <test-method is-config="true" signature="setup()[pri:0, instance:testCases.LoginPageTest@544d57e]" started-at="2024-04-18T20:59:01 IST" name="setup" finished-at="2024-04-18T20:59:08 IST" duration-ms="6790" status="PASS">
          <reporter-output>
          </reporter-output>
        </test-method> <!-- setup -->
        <test-method signature="loginToApplicationTest()[pri:0, instance:testCases.LoginPageTest@544d57e]" started-at="2024-04-18T20:59:08 IST" name="loginToApplicationTest" finished-at="2024-04-18T20:59:10 IST" duration-ms="2118" status="PASS">
          <reporter-output>
          </reporter-output>
        </test-method> <!-- loginToApplicationTest -->
        <test-method is-config="true" signature="closeBrowser(org.testng.ITestResult)[pri:0, instance:testCases.LoginPageTest@544d57e]" started-at="2024-04-18T20:59:10 IST" name="closeBrowser" finished-at="2024-04-18T20:59:11 IST" duration-ms="1050" status="PASS">
          <params>
            <param index="0">
              <value>
                <![CDATA[[TestResult name=loginToApplicationTest status=SUCCESS method=LoginPageTest.loginToApplicationTest()[pri:0, instance:testCases.LoginPageTest@544d57e] output={null}]]]>
              </value>
            </param>
          </params>
          <reporter-output>
          </reporter-output>
        </test-method> <!-- closeBrowser -->
      </class> <!-- testCases.LoginPageTest -->
    </test> <!-- Default test -->
  </suite> <!-- Default suite -->
</testng-results>
